# JRE version: OpenJDK Runtime Environment (11.0.13) (build 11.0.13+0-b1751.21-8125866)
# Java VM: OpenJDK 64-Bit Server VM (11.0.13+0-b1751.21-8125866, mixed mode, tiered, compressed oops, g1 gc, windows-amd64)
Heap:
 garbage-first heap   total 678912K, used 246272K [0x0000000080000000, 0x0000000100000000)
  region size 1024K, 12 young (12288K), 12 survivors (12288K)
 Metaspace       used 105849K, capacity 108823K, committed 109136K, reserved 1144832K
  class space    used 13469K, capacity 14603K, committed 14720K, reserved 1048576K
GC Heap History (20 events):
Event: 52.937 GC heap after
{Heap after GC invocations=69 (full 0):
 garbage-first heap   total 543744K, used 171246K [0x0000000080000000, 0x0000000100000000)
  region size 1024K, 5 young (5120K), 5 survivors (5120K)
 Metaspace       used 105509K, capacity 108473K, committed 108624K, reserved 1142784K
  class space    used 13463K, capacity 14593K, committed 14720K, reserved 1048576K
}
Event: 54.526 GC heap before
{Heap before GC invocations=69 (full 0):
 garbage-first heap   total 543744K, used 441582K [0x0000000080000000, 0x0000000100000000)
  region size 1024K, 269 young (275456K), 5 survivors (5120K)
 Metaspace       used 105524K, capacity 108474K, committed 108624K, reserved 1142784K
  class space    used 13463K, capacity 14593K, committed 14720K, reserved 1048576K
}
Event: 54.548 GC heap after
{Heap after GC invocations=70 (full 0):
 garbage-first heap   total 543744K, used 173056K [0x0000000080000000, 0x0000000100000000)
  region size 1024K, 7 young (7168K), 7 survivors (7168K)
 Metaspace       used 105524K, capacity 108474K, committed 108624K, reserved 1142784K
  class space    used 13463K, capacity 14593K, committed 14720K, reserved 1048576K
}
Event: 56.329 GC heap before
{Heap before GC invocations=70 (full 0):
 garbage-first heap   total 543744K, used 454656K [0x0000000080000000, 0x0000000100000000)
  region size 1024K, 282 young (288768K), 7 survivors (7168K)
 Metaspace       used 105529K, capacity 108538K, committed 108880K, reserved 1142784K
  class space    used 13463K, capacity 14593K, committed 14720K, reserved 1048576K
}
Event: 56.352 GC heap after
{Heap after GC invocations=71 (full 0):
 garbage-first heap   total 543744K, used 175544K [0x0000000080000000, 0x0000000100000000)
  region size 1024K, 9 young (9216K), 9 survivors (9216K)
 Metaspace       used 105529K, capacity 108538K, committed 108880K, reserved 1142784K
  class space    used 13463K, capacity 14593K, committed 14720K, reserved 1048576K
}
Event: 58.049 GC heap before
{Heap before GC invocations=71 (full 0):
 garbage-first heap   total 543744K, used 467384K [0x0000000080000000, 0x0000000100000000)
  region size 1024K, 286 young (292864K), 9 survivors (9216K)
 Metaspace       used 105711K, capacity 108717K, committed 108880K, reserved 1142784K
  class space    used 13464K, capacity 14595K, committed 14720K, reserved 1048576K
}
Event: 58.073 GC heap after
{Heap after GC invocations=72 (full 0):
 garbage-first heap   total 543744K, used 182649K [0x0000000080000000, 0x0000000100000000)
  region size 1024K, 16 young (16384K), 16 survivors (16384K)
 Metaspace       used 105711K, capacity 108717K, committed 108880K, reserved 1142784K
  class space    used 13464K, capacity 14595K, committed 14720K, reserved 1048576K
}
Event: 59.207 GC heap before
{Heap before GC invocations=72 (full 0):
 garbage-first heap   total 543744K, used 462201K [0x0000000080000000, 0x0000000100000000)
  region size 1024K, 287 young (293888K), 16 survivors (16384K)
 Metaspace       used 105768K, capacity 108742K, committed 108880K, reserved 1142784K
  class space    used 13467K, capacity 14602K, committed 14720K, reserved 1048576K
}
Event: 59.232 GC heap after
{Heap after GC invocations=73 (full 0):
 garbage-first heap   total 543744K, used 185980K [0x0000000080000000, 0x0000000100000000)
  region size 1024K, 19 young (19456K), 19 survivors (19456K)
 Metaspace       used 105768K, capacity 108742K, committed 108880K, reserved 1142784K
  class space    used 13467K, capacity 14602K, committed 14720K, reserved 1048576K
}
Event: 60.273 GC heap before
{Heap before GC invocations=73 (full 0):
 garbage-first heap   total 543744K, used 462460K [0x0000000080000000, 0x0000000100000000)
  region size 1024K, 285 young (291840K), 19 survivors (19456K)
 Metaspace       used 105812K, capacity 108819K, committed 109136K, reserved 1144832K
  class space    used 13468K, capacity 14603K, committed 14720K, reserved 1048576K
}
Event: 60.326 GC heap after
{Heap after GC invocations=74 (full 0):
 garbage-first heap   total 543744K, used 211419K [0x0000000080000000, 0x0000000100000000)
  region size 1024K, 36 young (36864K), 36 survivors (36864K)
 Metaspace       used 105812K, capacity 108819K, committed 109136K, reserved 1144832K
  class space    used 13468K, capacity 14603K, committed 14720K, reserved 1048576K
}
Event: 61.114 GC heap before
{Heap before GC invocations=74 (full 0):
 garbage-first heap   total 543744K, used 438747K [0x0000000080000000, 0x0000000100000000)
  region size 1024K, 258 young (264192K), 36 survivors (36864K)
 Metaspace       used 105824K, capacity 108819K, committed 109136K, reserved 1144832K
  class space    used 13468K, capacity 14603K, committed 14720K, reserved 1048576K
}
Event: 61.209 GC heap after
{Heap after GC invocations=75 (full 0):
 garbage-first heap   total 543744K, used 235734K [0x0000000080000000, 0x0000000100000000)
  region size 1024K, 31 young (31744K), 31 survivors (31744K)
 Metaspace       used 105824K, capacity 108819K, committed 109136K, reserved 1144832K
  class space    used 13468K, capacity 14603K, committed 14720K, reserved 1048576K
}
Event: 61.903 GC heap before
{Heap before GC invocations=75 (full 0):
 garbage-first heap   total 543744K, used 433366K [0x0000000080000000, 0x0000000100000000)
  region size 1024K, 224 young (229376K), 31 survivors (31744K)
 Metaspace       used 105836K, capacity 108820K, committed 109136K, reserved 1144832K
  class space    used 13469K, capacity 14603K, committed 14720K, reserved 1048576K
}
Event: 61.975 GC heap after
{Heap after GC invocations=76 (full 0):
 garbage-first heap   total 543744K, used 251392K [0x0000000080000000, 0x0000000100000000)
  region size 1024K, 18 young (18432K), 18 survivors (18432K)
 Metaspace       used 105836K, capacity 108820K, committed 109136K, reserved 1144832K
  class space    used 13469K, capacity 14603K, committed 14720K, reserved 1048576K
}
Event: 62.658 GC heap before
{Heap before GC invocations=76 (full 0):
 garbage-first heap   total 543744K, used 436736K [0x0000000080000000, 0x0000000100000000)
  region size 1024K, 200 young (204800K), 18 survivors (18432K)
 Metaspace       used 105844K, capacity 108821K, committed 109136K, reserved 1144832K
  class space    used 13469K, capacity 14603K, committed 14720K, reserved 1048576K
}
Event: 62.702 GC heap after
{Heap after GC invocations=77 (full 0):
 garbage-first heap   total 543744K, used 261632K [0x0000000080000000, 0x0000000100000000)
  region size 1024K, 13 young (13312K), 13 survivors (13312K)
 Metaspace       used 105844K, capacity 108821K, committed 109136K, reserved 1144832K
  class space    used 13469K, capacity 14603K, committed 14720K, reserved 1048576K
}
Event: 63.368 GC heap before
{Heap before GC invocations=77 (full 0):
 garbage-first heap   total 543744K, used 442880K [0x0000000080000000, 0x0000000100000000)
  region size 1024K, 190 young (194560K), 13 survivors (13312K)
 Metaspace       used 105846K, capacity 108821K, committed 109136K, reserved 1144832K
  class space    used 13469K, capacity 14603K, committed 14720K, reserved 1048576K
}
Event: 63.462 GC heap after
{Heap after GC invocations=78 (full 0):
 garbage-first heap   total 543744K, used 269312K [0x0000000080000000, 0x0000000100000000)
  region size 1024K, 10 young (10240K), 10 survivors (10240K)
 Metaspace       used 105846K, capacity 108821K, committed 109136K, reserved 1144832K
  class space    used 13469K, capacity 14603K, committed 14720K, reserved 1048576K
}
Event: 64.627 GC heap before
{Heap before GC invocations=79 (full 0):
 garbage-first heap   total 543744K, used 421888K [0x0000000080000000, 0x0000000100000000)
  region size 1024K, 184 young (188416K), 10 survivors (10240K)
 Metaspace       used 105849K, capacity 108823K, committed 109136K, reserved 1144832K
  class space    used 13469K, capacity 14603K, committed 14720K, reserved 1048576K
}

