# JRE version: OpenJDK Runtime Environment (11.0.13) (build 11.0.13+0-b1751.21-8125866)
# Java VM: OpenJDK 64-Bit Server VM (11.0.13+0-b1751.21-8125866, mixed mode, tiered, compressed oops, g1 gc, windows-amd64)
Heap:
 garbage-first heap   total 562176K, used 398497K [0x0000000080000000, 0x0000000100000000)
  region size 1024K, 136 young (139264K), 11 survivors (11264K)
 Metaspace       used 142771K, capacity 146860K, committed 146932K, reserved 1177600K
  class space    used 17703K, capacity 19265K, committed 19276K, reserved 1048576K
GC Heap History (20 events):
Event: 2336.838 GC heap before
{Heap before GC invocations=99 (full 0):
 garbage-first heap   total 328704K, used 286754K [0x0000000080000000, 0x0000000100000000)
  region size 1024K, 29 young (29696K), 3 survivors (3072K)
 Metaspace       used 142284K, capacity 146365K, committed 146676K, reserved 1177600K
  class space    used 17668K, capacity 19194K, committed 19276K, reserved 1048576K
}
Event: 2336.846 GC heap after
{Heap after GC invocations=100 (full 0):
 garbage-first heap   total 328704K, used 261080K [0x0000000080000000, 0x0000000100000000)
  region size 1024K, 2 young (2048K), 2 survivors (2048K)
 Metaspace       used 142284K, capacity 146365K, committed 146676K, reserved 1177600K
  class space    used 17668K, capacity 19194K, committed 19276K, reserved 1048576K
}
Event: 2337.052 GC heap before
{Heap before GC invocations=100 (full 0):
 garbage-first heap   total 328704K, used 287704K [0x0000000080000000, 0x0000000100000000)
  region size 1024K, 28 young (28672K), 2 survivors (2048K)
 Metaspace       used 142312K, capacity 146371K, committed 146676K, reserved 1177600K
  class space    used 17670K, capacity 19195K, committed 19276K, reserved 1048576K
}
Event: 2337.064 GC heap after
{Heap after GC invocations=101 (full 0):
 garbage-first heap   total 395264K, used 262299K [0x0000000080000000, 0x0000000100000000)
  region size 1024K, 4 young (4096K), 4 survivors (4096K)
 Metaspace       used 142312K, capacity 146371K, committed 146676K, reserved 1177600K
  class space    used 17670K, capacity 19195K, committed 19276K, reserved 1048576K
}
Event: 2337.476 GC heap before
{Heap before GC invocations=101 (full 0):
 garbage-first heap   total 395264K, used 317595K [0x0000000080000000, 0x0000000100000000)
  region size 1024K, 58 young (59392K), 4 survivors (4096K)
 Metaspace       used 142388K, capacity 146457K, committed 146676K, reserved 1177600K
  class space    used 17671K, capacity 19198K, committed 19276K, reserved 1048576K
}
Event: 2337.489 GC heap after
{Heap after GC invocations=102 (full 0):
 garbage-first heap   total 395264K, used 263128K [0x0000000080000000, 0x0000000100000000)
  region size 1024K, 4 young (4096K), 4 survivors (4096K)
 Metaspace       used 142388K, capacity 146457K, committed 146676K, reserved 1177600K
  class space    used 17671K, capacity 19198K, committed 19276K, reserved 1048576K
}
Event: 2337.857 GC heap before
{Heap before GC invocations=102 (full 0):
 garbage-first heap   total 395264K, used 322520K [0x0000000080000000, 0x0000000100000000)
  region size 1024K, 62 young (63488K), 4 survivors (4096K)
 Metaspace       used 142534K, capacity 146654K, committed 146932K, reserved 1177600K
  class space    used 17688K, capacity 19241K, committed 19276K, reserved 1048576K
}
Event: 2337.872 GC heap after
{Heap after GC invocations=103 (full 0):
 garbage-first heap   total 395264K, used 264506K [0x0000000080000000, 0x0000000100000000)
  region size 1024K, 6 young (6144K), 6 survivors (6144K)
 Metaspace       used 142534K, capacity 146654K, committed 146932K, reserved 1177600K
  class space    used 17688K, capacity 19241K, committed 19276K, reserved 1048576K
}
Event: 2338.352 GC heap before
{Heap before GC invocations=103 (full 0):
 garbage-first heap   total 395264K, used 325946K [0x0000000080000000, 0x0000000100000000)
  region size 1024K, 66 young (67584K), 6 survivors (6144K)
 Metaspace       used 142560K, capacity 146662K, committed 146932K, reserved 1177600K
  class space    used 17690K, capacity 19244K, committed 19276K, reserved 1048576K
}
Event: 2338.363 GC heap after
{Heap after GC invocations=104 (full 0):
 garbage-first heap   total 395264K, used 264600K [0x0000000080000000, 0x0000000100000000)
  region size 1024K, 5 young (5120K), 5 survivors (5120K)
 Metaspace       used 142560K, capacity 146662K, committed 146932K, reserved 1177600K
  class space    used 17690K, capacity 19244K, committed 19276K, reserved 1048576K
}
Event: 2338.906 GC heap before
{Heap before GC invocations=104 (full 0):
 garbage-first heap   total 395264K, used 328088K [0x0000000080000000, 0x0000000100000000)
  region size 1024K, 67 young (68608K), 5 survivors (5120K)
 Metaspace       used 142583K, capacity 146669K, committed 146932K, reserved 1177600K
  class space    used 17691K, capacity 19246K, committed 19276K, reserved 1048576K
}
Event: 2338.925 GC heap after
{Heap after GC invocations=105 (full 0):
 garbage-first heap   total 491520K, used 265751K [0x0000000080000000, 0x0000000100000000)
  region size 1024K, 6 young (6144K), 6 survivors (6144K)
 Metaspace       used 142583K, capacity 146669K, committed 146932K, reserved 1177600K
  class space    used 17691K, capacity 19246K, committed 19276K, reserved 1048576K
}
Event: 2339.616 GC heap before
{Heap before GC invocations=105 (full 0):
 garbage-first heap   total 491520K, used 372247K [0x0000000080000000, 0x0000000100000000)
  region size 1024K, 110 young (112640K), 6 survivors (6144K)
 Metaspace       used 142635K, capacity 146763K, committed 146932K, reserved 1177600K
  class space    used 17697K, capacity 19256K, committed 19276K, reserved 1048576K
}
Event: 2339.632 GC heap after
{Heap after GC invocations=106 (full 0):
 garbage-first heap   total 491520K, used 267587K [0x0000000080000000, 0x0000000100000000)
  region size 1024K, 8 young (8192K), 8 survivors (8192K)
 Metaspace       used 142635K, capacity 146763K, committed 146932K, reserved 1177600K
  class space    used 17697K, capacity 19256K, committed 19276K, reserved 1048576K
}
Event: 2340.178 GC heap before
{Heap before GC invocations=106 (full 0):
 garbage-first heap   total 491520K, used 384323K [0x0000000080000000, 0x0000000100000000)
  region size 1024K, 122 young (124928K), 8 survivors (8192K)
 Metaspace       used 142683K, capacity 146772K, committed 146932K, reserved 1177600K
  class space    used 17699K, capacity 19259K, committed 19276K, reserved 1048576K
}
Event: 2340.202 GC heap after
{Heap after GC invocations=107 (full 0):
 garbage-first heap   total 491520K, used 268140K [0x0000000080000000, 0x0000000100000000)
  region size 1024K, 9 young (9216K), 9 survivors (9216K)
 Metaspace       used 142683K, capacity 146772K, committed 146932K, reserved 1177600K
  class space    used 17699K, capacity 19259K, committed 19276K, reserved 1048576K
}
Event: 2340.864 GC heap before
{Heap before GC invocations=107 (full 0):
 garbage-first heap   total 491520K, used 395116K [0x0000000080000000, 0x0000000100000000)
  region size 1024K, 133 young (136192K), 9 survivors (9216K)
 Metaspace       used 142722K, capacity 146838K, committed 146932K, reserved 1177600K
  class space    used 17699K, capacity 19259K, committed 19276K, reserved 1048576K
}
Event: 2340.885 GC heap after
{Heap after GC invocations=108 (full 0):
 garbage-first heap   total 491520K, used 269847K [0x0000000080000000, 0x0000000100000000)
  region size 1024K, 10 young (10240K), 10 survivors (10240K)
 Metaspace       used 142722K, capacity 146838K, committed 146932K, reserved 1177600K
  class space    used 17699K, capacity 19259K, committed 19276K, reserved 1048576K
}
Event: 2341.748 GC heap before
{Heap before GC invocations=108 (full 0):
 garbage-first heap   total 491520K, used 414231K [0x0000000080000000, 0x0000000100000000)
  region size 1024K, 151 young (154624K), 10 survivors (10240K)
 Metaspace       used 142750K, capacity 146856K, committed 146932K, reserved 1177600K
  class space    used 17702K, capacity 19264K, committed 19276K, reserved 1048576K
}
Event: 2341.773 GC heap after
{Heap after GC invocations=109 (full 0):
 garbage-first heap   total 562176K, used 271521K [0x0000000080000000, 0x0000000100000000)
  region size 1024K, 11 young (11264K), 11 survivors (11264K)
 Metaspace       used 142750K, capacity 146856K, committed 146932K, reserved 1177600K
  class space    used 17702K, capacity 19264K, committed 19276K, reserved 1048576K
}

