# JRE version: OpenJDK Runtime Environment (11.0.13) (build 11.0.13+0-b1751.21-8125866)
# Java VM: OpenJDK 64-Bit Server VM (11.0.13+0-b1751.21-8125866, mixed mode, tiered, compressed oops, g1 gc, windows-amd64)
Heap:
 garbage-first heap   total 420864K, used 200932K [0x0000000080000000, 0x0000000100000000)
  region size 1024K, 5 young (5120K), 5 survivors (5120K)
 Metaspace       used 164389K, capacity 168840K, committed 168912K, reserved 1196032K
  class space    used 20915K, capacity 22477K, committed 22528K, reserved 1048576K
GC Heap History (20 events):
Event: 750.443 GC heap after
{Heap after GC invocations=75 (full 0):
 garbage-first heap   total 227328K, used 189079K [0x0000000080000000, 0x0000000100000000)
  region size 1024K, 1 young (1024K), 1 survivors (1024K)
 Metaspace       used 152665K, capacity 156960K, committed 157264K, reserved 1185792K
  class space    used 19527K, capacity 21060K, committed 21120K, reserved 1048576K
}
Event: 750.479 GC heap before
{Heap before GC invocations=75 (full 0):
 garbage-first heap   total 227328K, used 198295K [0x0000000080000000, 0x0000000100000000)
  region size 1024K, 11 young (11264K), 1 survivors (1024K)
 Metaspace       used 152984K, capacity 157248K, committed 157520K, reserved 1185792K
  class space    used 19561K, capacity 21092K, committed 21120K, reserved 1048576K
}
Event: 750.483 GC heap after
{Heap after GC invocations=76 (full 0):
 garbage-first heap   total 227328K, used 189154K [0x0000000080000000, 0x0000000100000000)
  region size 1024K, 1 young (1024K), 1 survivors (1024K)
 Metaspace       used 152984K, capacity 157248K, committed 157520K, reserved 1185792K
  class space    used 19561K, capacity 21092K, committed 21120K, reserved 1048576K
}
Event: 750.517 GC heap before
{Heap before GC invocations=76 (full 0):
 garbage-first heap   total 227328K, used 199394K [0x0000000080000000, 0x0000000100000000)
  region size 1024K, 11 young (11264K), 1 survivors (1024K)
 Metaspace       used 153290K, capacity 157536K, committed 157904K, reserved 1185792K
  class space    used 19605K, capacity 21124K, committed 21248K, reserved 1048576K
}
Event: 750.521 GC heap after
{Heap after GC invocations=77 (full 0):
 garbage-first heap   total 227328K, used 189039K [0x0000000080000000, 0x0000000100000000)
  region size 1024K, 1 young (1024K), 1 survivors (1024K)
 Metaspace       used 153290K, capacity 157536K, committed 157904K, reserved 1185792K
  class space    used 19605K, capacity 21124K, committed 21248K, reserved 1048576K
}
Event: 750.603 GC heap before
{Heap before GC invocations=77 (full 0):
 garbage-first heap   total 227328K, used 198255K [0x0000000080000000, 0x0000000100000000)
  region size 1024K, 11 young (11264K), 1 survivors (1024K)
 Metaspace       used 153937K, capacity 158176K, committed 158416K, reserved 1185792K
  class space    used 19673K, capacity 21188K, committed 21248K, reserved 1048576K
}
Event: 750.605 GC heap after
{Heap after GC invocations=78 (full 0):
 garbage-first heap   total 227328K, used 189386K [0x0000000080000000, 0x0000000100000000)
  region size 1024K, 1 young (1024K), 1 survivors (1024K)
 Metaspace       used 153937K, capacity 158176K, committed 158416K, reserved 1185792K
  class space    used 19673K, capacity 21188K, committed 21248K, reserved 1048576K
}
Event: 750.826 GC heap before
{Heap before GC invocations=78 (full 0):
 garbage-first heap   total 227328K, used 199626K [0x0000000080000000, 0x0000000100000000)
  region size 1024K, 11 young (11264K), 1 survivors (1024K)
 Metaspace       used 156307K, capacity 160550K, committed 160720K, reserved 1187840K
  class space    used 19901K, capacity 21381K, committed 21504K, reserved 1048576K
}
Event: 750.831 GC heap after
{Heap after GC invocations=79 (full 0):
 garbage-first heap   total 227328K, used 189381K [0x0000000080000000, 0x0000000100000000)
  region size 1024K, 1 young (1024K), 1 survivors (1024K)
 Metaspace       used 156307K, capacity 160550K, committed 160720K, reserved 1187840K
  class space    used 19901K, capacity 21381K, committed 21504K, reserved 1048576K
}
Event: 750.955 GC heap before
{Heap before GC invocations=80 (full 0):
 garbage-first heap   total 227328K, used 199621K [0x0000000080000000, 0x0000000100000000)
  region size 1024K, 11 young (11264K), 1 survivors (1024K)
 Metaspace       used 157509K, capacity 161743K, committed 161872K, reserved 1189888K
  class space    used 20107K, capacity 21607K, committed 21632K, reserved 1048576K
}
Event: 750.959 GC heap after
{Heap after GC invocations=81 (full 0):
 garbage-first heap   total 227328K, used 189644K [0x0000000080000000, 0x0000000100000000)
  region size 1024K, 1 young (1024K), 1 survivors (1024K)
 Metaspace       used 157509K, capacity 161743K, committed 161872K, reserved 1189888K
  class space    used 20107K, capacity 21607K, committed 21632K, reserved 1048576K
}
Event: 751.190 GC heap before
{Heap before GC invocations=81 (full 0):
 garbage-first heap   total 227328K, used 198860K [0x0000000080000000, 0x0000000100000000)
  region size 1024K, 11 young (11264K), 1 survivors (1024K)
 Metaspace       used 158610K, capacity 162875K, committed 163152K, reserved 1189888K
  class space    used 20236K, capacity 21782K, committed 21888K, reserved 1048576K
}
Event: 751.198 GC heap after
{Heap after GC invocations=82 (full 0):
 garbage-first heap   total 292864K, used 190499K [0x0000000080000000, 0x0000000100000000)
  region size 1024K, 2 young (2048K), 2 survivors (2048K)
 Metaspace       used 158610K, capacity 162875K, committed 163152K, reserved 1189888K
  class space    used 20236K, capacity 21782K, committed 21888K, reserved 1048576K
}
Event: 751.988 GC heap before
{Heap before GC invocations=83 (full 0):
 garbage-first heap   total 292864K, used 224291K [0x0000000080000000, 0x0000000100000000)
  region size 1024K, 35 young (35840K), 2 survivors (2048K)
 Metaspace       used 162306K, capacity 166628K, committed 166864K, reserved 1193984K
  class space    used 20675K, capacity 22198K, committed 22272K, reserved 1048576K
}
Event: 751.997 GC heap after
{Heap after GC invocations=84 (full 0):
 garbage-first heap   total 292864K, used 192760K [0x0000000080000000, 0x0000000100000000)
  region size 1024K, 4 young (4096K), 4 survivors (4096K)
 Metaspace       used 162306K, capacity 166628K, committed 166864K, reserved 1193984K
  class space    used 20675K, capacity 22198K, committed 22272K, reserved 1048576K
}
Event: 752.514 GC heap before
{Heap before GC invocations=84 (full 0):
 garbage-first heap   total 292864K, used 227576K [0x0000000080000000, 0x0000000100000000)
  region size 1024K, 39 young (39936K), 4 survivors (4096K)
 Metaspace       used 162816K, capacity 167121K, committed 167376K, reserved 1193984K
  class space    used 20725K, capacity 22232K, committed 22272K, reserved 1048576K
}
Event: 752.528 GC heap after
{Heap after GC invocations=85 (full 0):
 garbage-first heap   total 292864K, used 195969K [0x0000000080000000, 0x0000000100000000)
  region size 1024K, 5 young (5120K), 5 survivors (5120K)
 Metaspace       used 162816K, capacity 167121K, committed 167376K, reserved 1193984K
  class space    used 20725K, capacity 22232K, committed 22272K, reserved 1048576K
}
Event: 753.036 GC heap before
{Heap before GC invocations=85 (full 0):
 garbage-first heap   total 292864K, used 230785K [0x0000000080000000, 0x0000000100000000)
  region size 1024K, 40 young (40960K), 5 survivors (5120K)
 Metaspace       used 163264K, capacity 167647K, committed 167760K, reserved 1193984K
  class space    used 20775K, capacity 22296K, committed 22400K, reserved 1048576K
}
Event: 753.048 GC heap after
{Heap after GC invocations=86 (full 0):
 garbage-first heap   total 292864K, used 198555K [0x0000000080000000, 0x0000000100000000)
  region size 1024K, 3 young (3072K), 3 survivors (3072K)
 Metaspace       used 163264K, capacity 167647K, committed 167760K, reserved 1193984K
  class space    used 20775K, capacity 22296K, committed 22400K, reserved 1048576K
}
Event: 808.941 GC heap before
{Heap before GC invocations=86 (full 0):
 garbage-first heap   total 292864K, used 235419K [0x0000000080000000, 0x0000000100000000)
  region size 1024K, 39 young (39936K), 3 survivors (3072K)
 Metaspace       used 164389K, capacity 168840K, committed 168912K, reserved 1196032K
  class space    used 20915K, capacity 22477K, committed 22528K, reserved 1048576K
}

